running egg_info
creating build/drl_exploration/drl_exploration.egg-info
writing build/drl_exploration/drl_exploration.egg-info/PKG-INFO
writing dependency_links to build/drl_exploration/drl_exploration.egg-info/dependency_links.txt
writing entry points to build/drl_exploration/drl_exploration.egg-info/entry_points.txt
writing requirements to build/drl_exploration/drl_exploration.egg-info/requires.txt
writing top-level names to build/drl_exploration/drl_exploration.egg-info/top_level.txt
writing manifest file 'build/drl_exploration/drl_exploration.egg-info/SOURCES.txt'
reading manifest file 'build/drl_exploration/drl_exploration.egg-info/SOURCES.txt'
writing manifest file 'build/drl_exploration/drl_exploration.egg-info/SOURCES.txt'
running build
running build_py
creating /home/mengo/turtlebot3_ws/src/drl_exploration/build/drl_exploration/build
creating /home/mengo/turtlebot3_ws/src/drl_exploration/build/drl_exploration/build/lib
creating /home/mengo/turtlebot3_ws/src/drl_exploration/build/drl_exploration/build/lib/utils
copying utils/__init__.py -> /home/mengo/turtlebot3_ws/src/drl_exploration/build/drl_exploration/build/lib/utils
copying utils/utils.py -> /home/mengo/turtlebot3_ws/src/drl_exploration/build/drl_exploration/build/lib/utils
creating /home/mengo/turtlebot3_ws/src/drl_exploration/build/drl_exploration/build/lib/drl_exploration
copying drl_exploration/agent.py -> /home/mengo/turtlebot3_ws/src/drl_exploration/build/drl_exploration/build/lib/drl_exploration
copying drl_exploration/simulation_reset.py -> /home/mengo/turtlebot3_ws/src/drl_exploration/build/drl_exploration/build/lib/drl_exploration
copying drl_exploration/spawn_tb3.py -> /home/mengo/turtlebot3_ws/src/drl_exploration/build/drl_exploration/build/lib/drl_exploration
copying drl_exploration/exploration_env.py -> /home/mengo/turtlebot3_ws/src/drl_exploration/build/drl_exploration/build/lib/drl_exploration
copying drl_exploration/__init__.py -> /home/mengo/turtlebot3_ws/src/drl_exploration/build/drl_exploration/build/lib/drl_exploration
copying drl_exploration/ROS_interface.py -> /home/mengo/turtlebot3_ws/src/drl_exploration/build/drl_exploration/build/lib/drl_exploration
copying drl_exploration/main.py -> /home/mengo/turtlebot3_ws/src/drl_exploration/build/drl_exploration/build/lib/drl_exploration
running install
running install_lib
creating /home/mengo/turtlebot3_ws/src/drl_exploration/install/drl_exploration/lib/python3.10/site-packages/utils
copying /home/mengo/turtlebot3_ws/src/drl_exploration/build/drl_exploration/build/lib/utils/__init__.py -> /home/mengo/turtlebot3_ws/src/drl_exploration/install/drl_exploration/lib/python3.10/site-packages/utils
copying /home/mengo/turtlebot3_ws/src/drl_exploration/build/drl_exploration/build/lib/utils/utils.py -> /home/mengo/turtlebot3_ws/src/drl_exploration/install/drl_exploration/lib/python3.10/site-packages/utils
creating /home/mengo/turtlebot3_ws/src/drl_exploration/install/drl_exploration/lib/python3.10/site-packages/drl_exploration
copying /home/mengo/turtlebot3_ws/src/drl_exploration/build/drl_exploration/build/lib/drl_exploration/agent.py -> /home/mengo/turtlebot3_ws/src/drl_exploration/install/drl_exploration/lib/python3.10/site-packages/drl_exploration
copying /home/mengo/turtlebot3_ws/src/drl_exploration/build/drl_exploration/build/lib/drl_exploration/simulation_reset.py -> /home/mengo/turtlebot3_ws/src/drl_exploration/install/drl_exploration/lib/python3.10/site-packages/drl_exploration
copying /home/mengo/turtlebot3_ws/src/drl_exploration/build/drl_exploration/build/lib/drl_exploration/spawn_tb3.py -> /home/mengo/turtlebot3_ws/src/drl_exploration/install/drl_exploration/lib/python3.10/site-packages/drl_exploration
copying /home/mengo/turtlebot3_ws/src/drl_exploration/build/drl_exploration/build/lib/drl_exploration/exploration_env.py -> /home/mengo/turtlebot3_ws/src/drl_exploration/install/drl_exploration/lib/python3.10/site-packages/drl_exploration
copying /home/mengo/turtlebot3_ws/src/drl_exploration/build/drl_exploration/build/lib/drl_exploration/__init__.py -> /home/mengo/turtlebot3_ws/src/drl_exploration/install/drl_exploration/lib/python3.10/site-packages/drl_exploration
copying /home/mengo/turtlebot3_ws/src/drl_exploration/build/drl_exploration/build/lib/drl_exploration/ROS_interface.py -> /home/mengo/turtlebot3_ws/src/drl_exploration/install/drl_exploration/lib/python3.10/site-packages/drl_exploration
copying /home/mengo/turtlebot3_ws/src/drl_exploration/build/drl_exploration/build/lib/drl_exploration/main.py -> /home/mengo/turtlebot3_ws/src/drl_exploration/install/drl_exploration/lib/python3.10/site-packages/drl_exploration
byte-compiling /home/mengo/turtlebot3_ws/src/drl_exploration/install/drl_exploration/lib/python3.10/site-packages/utils/__init__.py to __init__.cpython-310.pyc
byte-compiling /home/mengo/turtlebot3_ws/src/drl_exploration/install/drl_exploration/lib/python3.10/site-packages/utils/utils.py to utils.cpython-310.pyc
byte-compiling /home/mengo/turtlebot3_ws/src/drl_exploration/install/drl_exploration/lib/python3.10/site-packages/drl_exploration/agent.py to agent.cpython-310.pyc
byte-compiling /home/mengo/turtlebot3_ws/src/drl_exploration/install/drl_exploration/lib/python3.10/site-packages/drl_exploration/simulation_reset.py to simulation_reset.cpython-310.pyc
byte-compiling /home/mengo/turtlebot3_ws/src/drl_exploration/install/drl_exploration/lib/python3.10/site-packages/drl_exploration/spawn_tb3.py to spawn_tb3.cpython-310.pyc
byte-compiling /home/mengo/turtlebot3_ws/src/drl_exploration/install/drl_exploration/lib/python3.10/site-packages/drl_exploration/exploration_env.py to exploration_env.cpython-310.pyc
byte-compiling /home/mengo/turtlebot3_ws/src/drl_exploration/install/drl_exploration/lib/python3.10/site-packages/drl_exploration/__init__.py to __init__.cpython-310.pyc
byte-compiling /home/mengo/turtlebot3_ws/src/drl_exploration/install/drl_exploration/lib/python3.10/site-packages/drl_exploration/ROS_interface.py to ROS_interface.cpython-310.pyc
byte-compiling /home/mengo/turtlebot3_ws/src/drl_exploration/install/drl_exploration/lib/python3.10/site-packages/drl_exploration/main.py to main.cpython-310.pyc
running install_data
creating /home/mengo/turtlebot3_ws/src/drl_exploration/install/drl_exploration/share/ament_index
creating /home/mengo/turtlebot3_ws/src/drl_exploration/install/drl_exploration/share/ament_index/resource_index
creating /home/mengo/turtlebot3_ws/src/drl_exploration/install/drl_exploration/share/ament_index/resource_index/packages
copying resource/drl_exploration -> /home/mengo/turtlebot3_ws/src/drl_exploration/install/drl_exploration/share/ament_index/resource_index/packages
copying package.xml -> /home/mengo/turtlebot3_ws/src/drl_exploration/install/drl_exploration/share/drl_exploration
copying launch/multi_spawn_tb3.launch.py -> /home/mengo/turtlebot3_ws/src/drl_exploration/install/drl_exploration/share/drl_exploration
copying launch/start_environments.launch.py -> /home/mengo/turtlebot3_ws/src/drl_exploration/install/drl_exploration/share/drl_exploration
copying launch/multi_env_tb3.launch.py -> /home/mengo/turtlebot3_ws/src/drl_exploration/install/drl_exploration/share/drl_exploration
running install_egg_info
Copying build/drl_exploration/drl_exploration.egg-info to /home/mengo/turtlebot3_ws/src/drl_exploration/install/drl_exploration/lib/python3.10/site-packages/drl_exploration-0.0.0-py3.10.egg-info
running install_scripts
Installing drl_exploration script to /home/mengo/turtlebot3_ws/src/drl_exploration/install/drl_exploration/lib/drl_exploration
Installing spawn_tb3 script to /home/mengo/turtlebot3_ws/src/drl_exploration/install/drl_exploration/lib/drl_exploration
writing list of installed files to '/home/mengo/turtlebot3_ws/src/drl_exploration/build/drl_exploration/install.log'
