[0.569s] Invoking command in '/home/mengo/turtlebot3_ws/src/drl_exploration': PYTHONPATH=/home/mengo/turtlebot3_ws/src/drl_exploration/build/drl_exploration/prefix_override:/usr/lib/python3/dist-packages/colcon_core/task/python/colcon_distutils_commands:/home/mengo/turtlebot3_ws/src/drl_exploration/install/drl_exploration/lib/python3.10/site-packages:${PYTHONPATH} /usr/bin/python3 -W ignore:setup.py install is deprecated setup.py egg_info --egg-base build/drl_exploration build --build-base /home/mengo/turtlebot3_ws/src/drl_exploration/build/drl_exploration/build install --record /home/mengo/turtlebot3_ws/src/drl_exploration/build/drl_exploration/install.log --single-version-externally-managed install_data
[0.790s] running egg_info
[0.791s] creating build/drl_exploration/drl_exploration.egg-info
[0.791s] writing build/drl_exploration/drl_exploration.egg-info/PKG-INFO
[0.791s] writing dependency_links to build/drl_exploration/drl_exploration.egg-info/dependency_links.txt
[0.791s] writing entry points to build/drl_exploration/drl_exploration.egg-info/entry_points.txt
[0.791s] writing requirements to build/drl_exploration/drl_exploration.egg-info/requires.txt
[0.791s] writing top-level names to build/drl_exploration/drl_exploration.egg-info/top_level.txt
[0.791s] writing manifest file 'build/drl_exploration/drl_exploration.egg-info/SOURCES.txt'
[0.793s] reading manifest file 'build/drl_exploration/drl_exploration.egg-info/SOURCES.txt'
[0.794s] writing manifest file 'build/drl_exploration/drl_exploration.egg-info/SOURCES.txt'
[0.795s] running build
[0.795s] running build_py
[0.795s] creating /home/mengo/turtlebot3_ws/src/drl_exploration/build/drl_exploration/build
[0.795s] creating /home/mengo/turtlebot3_ws/src/drl_exploration/build/drl_exploration/build/lib
[0.795s] creating /home/mengo/turtlebot3_ws/src/drl_exploration/build/drl_exploration/build/lib/utils
[0.795s] copying utils/__init__.py -> /home/mengo/turtlebot3_ws/src/drl_exploration/build/drl_exploration/build/lib/utils
[0.795s] copying utils/utils.py -> /home/mengo/turtlebot3_ws/src/drl_exploration/build/drl_exploration/build/lib/utils
[0.795s] creating /home/mengo/turtlebot3_ws/src/drl_exploration/build/drl_exploration/build/lib/drl_exploration
[0.795s] copying drl_exploration/agent.py -> /home/mengo/turtlebot3_ws/src/drl_exploration/build/drl_exploration/build/lib/drl_exploration
[0.795s] copying drl_exploration/simulation_reset.py -> /home/mengo/turtlebot3_ws/src/drl_exploration/build/drl_exploration/build/lib/drl_exploration
[0.795s] copying drl_exploration/spawn_tb3.py -> /home/mengo/turtlebot3_ws/src/drl_exploration/build/drl_exploration/build/lib/drl_exploration
[0.795s] copying drl_exploration/exploration_env.py -> /home/mengo/turtlebot3_ws/src/drl_exploration/build/drl_exploration/build/lib/drl_exploration
[0.795s] copying drl_exploration/__init__.py -> /home/mengo/turtlebot3_ws/src/drl_exploration/build/drl_exploration/build/lib/drl_exploration
[0.796s] copying drl_exploration/ROS_interface.py -> /home/mengo/turtlebot3_ws/src/drl_exploration/build/drl_exploration/build/lib/drl_exploration
[0.796s] copying drl_exploration/main.py -> /home/mengo/turtlebot3_ws/src/drl_exploration/build/drl_exploration/build/lib/drl_exploration
[0.796s] running install
[0.796s] running install_lib
[0.797s] creating /home/mengo/turtlebot3_ws/src/drl_exploration/install/drl_exploration/lib/python3.10/site-packages/utils
[0.797s] copying /home/mengo/turtlebot3_ws/src/drl_exploration/build/drl_exploration/build/lib/utils/__init__.py -> /home/mengo/turtlebot3_ws/src/drl_exploration/install/drl_exploration/lib/python3.10/site-packages/utils
[0.797s] copying /home/mengo/turtlebot3_ws/src/drl_exploration/build/drl_exploration/build/lib/utils/utils.py -> /home/mengo/turtlebot3_ws/src/drl_exploration/install/drl_exploration/lib/python3.10/site-packages/utils
[0.797s] creating /home/mengo/turtlebot3_ws/src/drl_exploration/install/drl_exploration/lib/python3.10/site-packages/drl_exploration
[0.797s] copying /home/mengo/turtlebot3_ws/src/drl_exploration/build/drl_exploration/build/lib/drl_exploration/agent.py -> /home/mengo/turtlebot3_ws/src/drl_exploration/install/drl_exploration/lib/python3.10/site-packages/drl_exploration
[0.798s] copying /home/mengo/turtlebot3_ws/src/drl_exploration/build/drl_exploration/build/lib/drl_exploration/simulation_reset.py -> /home/mengo/turtlebot3_ws/src/drl_exploration/install/drl_exploration/lib/python3.10/site-packages/drl_exploration
[0.798s] copying /home/mengo/turtlebot3_ws/src/drl_exploration/build/drl_exploration/build/lib/drl_exploration/spawn_tb3.py -> /home/mengo/turtlebot3_ws/src/drl_exploration/install/drl_exploration/lib/python3.10/site-packages/drl_exploration
[0.798s] copying /home/mengo/turtlebot3_ws/src/drl_exploration/build/drl_exploration/build/lib/drl_exploration/exploration_env.py -> /home/mengo/turtlebot3_ws/src/drl_exploration/install/drl_exploration/lib/python3.10/site-packages/drl_exploration
[0.798s] copying /home/mengo/turtlebot3_ws/src/drl_exploration/build/drl_exploration/build/lib/drl_exploration/__init__.py -> /home/mengo/turtlebot3_ws/src/drl_exploration/install/drl_exploration/lib/python3.10/site-packages/drl_exploration
[0.798s] copying /home/mengo/turtlebot3_ws/src/drl_exploration/build/drl_exploration/build/lib/drl_exploration/ROS_interface.py -> /home/mengo/turtlebot3_ws/src/drl_exploration/install/drl_exploration/lib/python3.10/site-packages/drl_exploration
[0.798s] copying /home/mengo/turtlebot3_ws/src/drl_exploration/build/drl_exploration/build/lib/drl_exploration/main.py -> /home/mengo/turtlebot3_ws/src/drl_exploration/install/drl_exploration/lib/python3.10/site-packages/drl_exploration
[0.798s] byte-compiling /home/mengo/turtlebot3_ws/src/drl_exploration/install/drl_exploration/lib/python3.10/site-packages/utils/__init__.py to __init__.cpython-310.pyc
[0.798s] byte-compiling /home/mengo/turtlebot3_ws/src/drl_exploration/install/drl_exploration/lib/python3.10/site-packages/utils/utils.py to utils.cpython-310.pyc
[0.799s] byte-compiling /home/mengo/turtlebot3_ws/src/drl_exploration/install/drl_exploration/lib/python3.10/site-packages/drl_exploration/agent.py to agent.cpython-310.pyc
[0.800s] byte-compiling /home/mengo/turtlebot3_ws/src/drl_exploration/install/drl_exploration/lib/python3.10/site-packages/drl_exploration/simulation_reset.py to simulation_reset.cpython-310.pyc
[0.801s] byte-compiling /home/mengo/turtlebot3_ws/src/drl_exploration/install/drl_exploration/lib/python3.10/site-packages/drl_exploration/spawn_tb3.py to spawn_tb3.cpython-310.pyc
[0.801s] byte-compiling /home/mengo/turtlebot3_ws/src/drl_exploration/install/drl_exploration/lib/python3.10/site-packages/drl_exploration/exploration_env.py to exploration_env.cpython-310.pyc
[0.802s] byte-compiling /home/mengo/turtlebot3_ws/src/drl_exploration/install/drl_exploration/lib/python3.10/site-packages/drl_exploration/__init__.py to __init__.cpython-310.pyc
[0.803s] byte-compiling /home/mengo/turtlebot3_ws/src/drl_exploration/install/drl_exploration/lib/python3.10/site-packages/drl_exploration/ROS_interface.py to ROS_interface.cpython-310.pyc
[0.804s] byte-compiling /home/mengo/turtlebot3_ws/src/drl_exploration/install/drl_exploration/lib/python3.10/site-packages/drl_exploration/main.py to main.cpython-310.pyc
[0.804s] running install_data
[0.804s] creating /home/mengo/turtlebot3_ws/src/drl_exploration/install/drl_exploration/share/ament_index
[0.804s] creating /home/mengo/turtlebot3_ws/src/drl_exploration/install/drl_exploration/share/ament_index/resource_index
[0.804s] creating /home/mengo/turtlebot3_ws/src/drl_exploration/install/drl_exploration/share/ament_index/resource_index/packages
[0.805s] copying resource/drl_exploration -> /home/mengo/turtlebot3_ws/src/drl_exploration/install/drl_exploration/share/ament_index/resource_index/packages
[0.805s] copying package.xml -> /home/mengo/turtlebot3_ws/src/drl_exploration/install/drl_exploration/share/drl_exploration
[0.805s] copying launch/multi_spawn_tb3.launch.py -> /home/mengo/turtlebot3_ws/src/drl_exploration/install/drl_exploration/share/drl_exploration
[0.805s] copying launch/start_environments.launch.py -> /home/mengo/turtlebot3_ws/src/drl_exploration/install/drl_exploration/share/drl_exploration
[0.805s] copying launch/multi_env_tb3.launch.py -> /home/mengo/turtlebot3_ws/src/drl_exploration/install/drl_exploration/share/drl_exploration
[0.805s] running install_egg_info
[0.806s] Copying build/drl_exploration/drl_exploration.egg-info to /home/mengo/turtlebot3_ws/src/drl_exploration/install/drl_exploration/lib/python3.10/site-packages/drl_exploration-0.0.0-py3.10.egg-info
[0.807s] running install_scripts
[0.824s] Installing drl_exploration script to /home/mengo/turtlebot3_ws/src/drl_exploration/install/drl_exploration/lib/drl_exploration
[0.824s] Installing spawn_tb3 script to /home/mengo/turtlebot3_ws/src/drl_exploration/install/drl_exploration/lib/drl_exploration
[0.824s] writing list of installed files to '/home/mengo/turtlebot3_ws/src/drl_exploration/build/drl_exploration/install.log'
[0.842s] Invoked command in '/home/mengo/turtlebot3_ws/src/drl_exploration' returned '0': PYTHONPATH=/home/mengo/turtlebot3_ws/src/drl_exploration/build/drl_exploration/prefix_override:/usr/lib/python3/dist-packages/colcon_core/task/python/colcon_distutils_commands:/home/mengo/turtlebot3_ws/src/drl_exploration/install/drl_exploration/lib/python3.10/site-packages:${PYTHONPATH} /usr/bin/python3 -W ignore:setup.py install is deprecated setup.py egg_info --egg-base build/drl_exploration build --build-base /home/mengo/turtlebot3_ws/src/drl_exploration/build/drl_exploration/build install --record /home/mengo/turtlebot3_ws/src/drl_exploration/build/drl_exploration/install.log --single-version-externally-managed install_data
