/home/mengo/turtlebot3_ws/src/drl_exploration/install/drl_exploration/lib/python3.10/site-packages/utils/__init__.py
/home/mengo/turtlebot3_ws/src/drl_exploration/install/drl_exploration/lib/python3.10/site-packages/utils/utils.py
/home/mengo/turtlebot3_ws/src/drl_exploration/install/drl_exploration/lib/python3.10/site-packages/drl_exploration/agent.py
/home/mengo/turtlebot3_ws/src/drl_exploration/install/drl_exploration/lib/python3.10/site-packages/drl_exploration/simulation_reset.py
/home/mengo/turtlebot3_ws/src/drl_exploration/install/drl_exploration/lib/python3.10/site-packages/drl_exploration/spawn_tb3.py
/home/mengo/turtlebot3_ws/src/drl_exploration/install/drl_exploration/lib/python3.10/site-packages/drl_exploration/exploration_env.py
/home/mengo/turtlebot3_ws/src/drl_exploration/install/drl_exploration/lib/python3.10/site-packages/drl_exploration/__init__.py
/home/mengo/turtlebot3_ws/src/drl_exploration/install/drl_exploration/lib/python3.10/site-packages/drl_exploration/ROS_interface.py
/home/mengo/turtlebot3_ws/src/drl_exploration/install/drl_exploration/lib/python3.10/site-packages/drl_exploration/main.py
/home/mengo/turtlebot3_ws/src/drl_exploration/install/drl_exploration/lib/python3.10/site-packages/utils/__pycache__/__init__.cpython-310.pyc
/home/mengo/turtlebot3_ws/src/drl_exploration/install/drl_exploration/lib/python3.10/site-packages/utils/__pycache__/utils.cpython-310.pyc
/home/mengo/turtlebot3_ws/src/drl_exploration/install/drl_exploration/lib/python3.10/site-packages/drl_exploration/__pycache__/agent.cpython-310.pyc
/home/mengo/turtlebot3_ws/src/drl_exploration/install/drl_exploration/lib/python3.10/site-packages/drl_exploration/__pycache__/simulation_reset.cpython-310.pyc
/home/mengo/turtlebot3_ws/src/drl_exploration/install/drl_exploration/lib/python3.10/site-packages/drl_exploration/__pycache__/spawn_tb3.cpython-310.pyc
/home/mengo/turtlebot3_ws/src/drl_exploration/install/drl_exploration/lib/python3.10/site-packages/drl_exploration/__pycache__/exploration_env.cpython-310.pyc
/home/mengo/turtlebot3_ws/src/drl_exploration/install/drl_exploration/lib/python3.10/site-packages/drl_exploration/__pycache__/__init__.cpython-310.pyc
/home/mengo/turtlebot3_ws/src/drl_exploration/install/drl_exploration/lib/python3.10/site-packages/drl_exploration/__pycache__/ROS_interface.cpython-310.pyc
/home/mengo/turtlebot3_ws/src/drl_exploration/install/drl_exploration/lib/python3.10/site-packages/drl_exploration/__pycache__/main.cpython-310.pyc
/home/mengo/turtlebot3_ws/src/drl_exploration/install/drl_exploration/share/ament_index/resource_index/packages/drl_exploration
/home/mengo/turtlebot3_ws/src/drl_exploration/install/drl_exploration/share/drl_exploration/package.xml
/home/mengo/turtlebot3_ws/src/drl_exploration/install/drl_exploration/share/drl_exploration/multi_spawn_tb3.launch.py
/home/mengo/turtlebot3_ws/src/drl_exploration/install/drl_exploration/share/drl_exploration/start_environments.launch.py
/home/mengo/turtlebot3_ws/src/drl_exploration/install/drl_exploration/share/drl_exploration/multi_env_tb3.launch.py
/home/mengo/turtlebot3_ws/src/drl_exploration/install/drl_exploration/lib/python3.10/site-packages/drl_exploration-0.0.0-py3.10.egg-info/dependency_links.txt
/home/mengo/turtlebot3_ws/src/drl_exploration/install/drl_exploration/lib/python3.10/site-packages/drl_exploration-0.0.0-py3.10.egg-info/SOURCES.txt
/home/mengo/turtlebot3_ws/src/drl_exploration/install/drl_exploration/lib/python3.10/site-packages/drl_exploration-0.0.0-py3.10.egg-info/entry_points.txt
/home/mengo/turtlebot3_ws/src/drl_exploration/install/drl_exploration/lib/python3.10/site-packages/drl_exploration-0.0.0-py3.10.egg-info/zip-safe
/home/mengo/turtlebot3_ws/src/drl_exploration/install/drl_exploration/lib/python3.10/site-packages/drl_exploration-0.0.0-py3.10.egg-info/top_level.txt
/home/mengo/turtlebot3_ws/src/drl_exploration/install/drl_exploration/lib/python3.10/site-packages/drl_exploration-0.0.0-py3.10.egg-info/requires.txt
/home/mengo/turtlebot3_ws/src/drl_exploration/install/drl_exploration/lib/python3.10/site-packages/drl_exploration-0.0.0-py3.10.egg-info/PKG-INFO
/home/mengo/turtlebot3_ws/src/drl_exploration/install/drl_exploration/lib/drl_exploration/drl_exploration
/home/mengo/turtlebot3_ws/src/drl_exploration/install/drl_exploration/lib/drl_exploration/spawn_tb3
